The system is: Linux - 5.4.0-52-generic - x86_64
Compiling the C compiler identification source file "CMakeCCompilerId.c" succeeded.
Compiler: /usr/bin/cc 
Build flags: 
Id flags:  

The output was:
0


Compilation of the C compiler identification source "CMakeCCompilerId.c" produced "a.out"

The C compiler identification is GNU, found in "/home/anoushka/workspace/etiss/trial3/CMakeFiles/3.16.5/CompilerIdC/a.out"

Compiling the CXX compiler identification source file "CMakeCXXCompilerId.cpp" succeeded.
Compiler: /usr/bin/c++ 
Build flags: 
Id flags:  

The output was:
0


Compilation of the CXX compiler identification source "CMakeCXXCompilerId.cpp" produced "a.out"

The CXX compiler identification is GNU, found in "/home/anoushka/workspace/etiss/trial3/CMakeFiles/3.16.5/CompilerIdCXX/a.out"

Determining if the C compiler works passed with the following output:
Change Dir: /home/anoushka/workspace/etiss/trial3/CMakeFiles/CMakeTmp

Run Build Command(s):/usr/bin/make cmTC_a287e/fast && /usr/bin/make -f CMakeFiles/cmTC_a287e.dir/build.make CMakeFiles/cmTC_a287e.dir/build
make[1]: Entering directory '/home/anoushka/workspace/etiss/trial3/CMakeFiles/CMakeTmp'
Building C object CMakeFiles/cmTC_a287e.dir/testCCompiler.c.o
/usr/bin/cc    -o CMakeFiles/cmTC_a287e.dir/testCCompiler.c.o   -c /home/anoushka/workspace/etiss/trial3/CMakeFiles/CMakeTmp/testCCompiler.c
Linking C executable cmTC_a287e
/usr/local/bin/cmake -E cmake_link_script CMakeFiles/cmTC_a287e.dir/link.txt --verbose=1
/usr/bin/cc      CMakeFiles/cmTC_a287e.dir/testCCompiler.c.o  -o cmTC_a287e 
make[1]: Leaving directory '/home/anoushka/workspace/etiss/trial3/CMakeFiles/CMakeTmp'



Detecting C compiler ABI info compiled with the following output:
Change Dir: /home/anoushka/workspace/etiss/trial3/CMakeFiles/CMakeTmp

Run Build Command(s):/usr/bin/make cmTC_4cd0d/fast && /usr/bin/make -f CMakeFiles/cmTC_4cd0d.dir/build.make CMakeFiles/cmTC_4cd0d.dir/build
make[1]: Entering directory '/home/anoushka/workspace/etiss/trial3/CMakeFiles/CMakeTmp'
Building C object CMakeFiles/cmTC_4cd0d.dir/CMakeCCompilerABI.c.o
/usr/bin/cc   -v -o CMakeFiles/cmTC_4cd0d.dir/CMakeCCompilerABI.c.o   -c /usr/local/share/cmake-3.16/Modules/CMakeCCompilerABI.c
Using built-in specs.
COLLECT_GCC=/usr/bin/cc
OFFLOAD_TARGET_NAMES=nvptx-none
OFFLOAD_TARGET_DEFAULT=1
Target: x86_64-linux-gnu
Configured with: ../src/configure -v --with-pkgversion='Ubuntu 7.5.0-3ubuntu1~18.04' --with-bugurl=file:///usr/share/doc/gcc-7/README.Bugs --enable-languages=c,ada,c++,go,brig,d,fortran,objc,obj-c++ --prefix=/usr --with-gcc-major-version-only --program-suffix=-7 --program-prefix=x86_64-linux-gnu- --enable-shared --enable-linker-build-id --libexecdir=/usr/lib --without-included-gettext --enable-threads=posix --libdir=/usr/lib --enable-nls --enable-bootstrap --enable-clocale=gnu --enable-libstdcxx-debug --enable-libstdcxx-time=yes --with-default-libstdcxx-abi=new --enable-gnu-unique-object --disable-vtable-verify --enable-libmpx --enable-plugin --enable-default-pie --with-system-zlib --with-target-system-zlib --enable-objc-gc=auto --enable-multiarch --disable-werror --with-arch-32=i686 --with-abi=m64 --with-multilib-list=m32,m64,mx32 --enable-multilib --with-tune=generic --enable-offload-targets=nvptx-none --without-cuda-driver --enable-checking=release --build=x86_64-linux-gnu --host=x86_64-linux-gnu --target=x86_64-linux-gnu
Thread model: posix
gcc version 7.5.0 (Ubuntu 7.5.0-3ubuntu1~18.04) 
COLLECT_GCC_OPTIONS='-v' '-o' 'CMakeFiles/cmTC_4cd0d.dir/CMakeCCompilerABI.c.o' '-c' '-mtune=generic' '-march=x86-64'
 /usr/lib/gcc/x86_64-linux-gnu/7/cc1 -quiet -v -imultiarch x86_64-linux-gnu /usr/local/share/cmake-3.16/Modules/CMakeCCompilerABI.c -quiet -dumpbase CMakeCCompilerABI.c -mtune=generic -march=x86-64 -auxbase-strip CMakeFiles/cmTC_4cd0d.dir/CMakeCCompilerABI.c.o -version -fstack-protector-strong -Wformat -Wformat-security -o /tmp/cc247MUv.s
GNU C11 (Ubuntu 7.5.0-3ubuntu1~18.04) version 7.5.0 (x86_64-linux-gnu)
	compiled by GNU C version 7.5.0, GMP version 6.1.2, MPFR version 4.0.1, MPC version 1.1.0, isl version isl-0.19-GMP

GGC heuristics: --param ggc-min-expand=100 --param ggc-min-heapsize=131072
ignoring nonexistent directory "/usr/local/include/x86_64-linux-gnu"
ignoring nonexistent directory "/usr/lib/gcc/x86_64-linux-gnu/7/../../../../x86_64-linux-gnu/include"
#include "..." search starts here:
#include <...> search starts here:
 /usr/lib/gcc/x86_64-linux-gnu/7/include
 /usr/local/include
 /usr/lib/gcc/x86_64-linux-gnu/7/include-fixed
 /usr/include/x86_64-linux-gnu
 /usr/include
End of search list.
GNU C11 (Ubuntu 7.5.0-3ubuntu1~18.04) version 7.5.0 (x86_64-linux-gnu)
	compiled by GNU C version 7.5.0, GMP version 6.1.2, MPFR version 4.0.1, MPC version 1.1.0, isl version isl-0.19-GMP

GGC heuristics: --param ggc-min-expand=100 --param ggc-min-heapsize=131072
Compiler executable checksum: b62ed4a2880cd4159476ea8293b72fa8
COLLECT_GCC_OPTIONS='-v' '-o' 'CMakeFiles/cmTC_4cd0d.dir/CMakeCCompilerABI.c.o' '-c' '-mtune=generic' '-march=x86-64'
 as -v --64 -o CMakeFiles/cmTC_4cd0d.dir/CMakeCCompilerABI.c.o /tmp/cc247MUv.s
GNU assembler version 2.30 (x86_64-linux-gnu) using BFD version (GNU Binutils for Ubuntu) 2.30
COMPILER_PATH=/usr/lib/gcc/x86_64-linux-gnu/7/:/usr/lib/gcc/x86_64-linux-gnu/7/:/usr/lib/gcc/x86_64-linux-gnu/:/usr/lib/gcc/x86_64-linux-gnu/7/:/usr/lib/gcc/x86_64-linux-gnu/
LIBRARY_PATH=/usr/lib/gcc/x86_64-linux-gnu/7/:/usr/lib/gcc/x86_64-linux-gnu/7/../../../x86_64-linux-gnu/:/usr/lib/gcc/x86_64-linux-gnu/7/../../../../lib/:/lib/x86_64-linux-gnu/:/lib/../lib/:/usr/lib/x86_64-linux-gnu/:/usr/lib/../lib/:/usr/lib/gcc/x86_64-linux-gnu/7/../../../:/lib/:/usr/lib/
COLLECT_GCC_OPTIONS='-v' '-o' 'CMakeFiles/cmTC_4cd0d.dir/CMakeCCompilerABI.c.o' '-c' '-mtune=generic' '-march=x86-64'
Linking C executable cmTC_4cd0d
/usr/local/bin/cmake -E cmake_link_script CMakeFiles/cmTC_4cd0d.dir/link.txt --verbose=1
/usr/bin/cc     -v CMakeFiles/cmTC_4cd0d.dir/CMakeCCompilerABI.c.o  -o cmTC_4cd0d 
Using built-in specs.
COLLECT_GCC=/usr/bin/cc
COLLECT_LTO_WRAPPER=/usr/lib/gcc/x86_64-linux-gnu/7/lto-wrapper
OFFLOAD_TARGET_NAMES=nvptx-none
OFFLOAD_TARGET_DEFAULT=1
Target: x86_64-linux-gnu
Configured with: ../src/configure -v --with-pkgversion='Ubuntu 7.5.0-3ubuntu1~18.04' --with-bugurl=file:///usr/share/doc/gcc-7/README.Bugs --enable-languages=c,ada,c++,go,brig,d,fortran,objc,obj-c++ --prefix=/usr --with-gcc-major-version-only --program-suffix=-7 --program-prefix=x86_64-linux-gnu- --enable-shared --enable-linker-build-id --libexecdir=/usr/lib --without-included-gettext --enable-threads=posix --libdir=/usr/lib --enable-nls --enable-bootstrap --enable-clocale=gnu --enable-libstdcxx-debug --enable-libstdcxx-time=yes --with-default-libstdcxx-abi=new --enable-gnu-unique-object --disable-vtable-verify --enable-libmpx --enable-plugin --enable-default-pie --with-system-zlib --with-target-system-zlib --enable-objc-gc=auto --enable-multiarch --disable-werror --with-arch-32=i686 --with-abi=m64 --with-multilib-list=m32,m64,mx32 --enable-multilib --with-tune=generic --enable-offload-targets=nvptx-none --without-cuda-driver --enable-checking=release --build=x86_64-linux-gnu --host=x86_64-linux-gnu --target=x86_64-linux-gnu
Thread model: posix
gcc version 7.5.0 (Ubuntu 7.5.0-3ubuntu1~18.04) 
COMPILER_PATH=/usr/lib/gcc/x86_64-linux-gnu/7/:/usr/lib/gcc/x86_64-linux-gnu/7/:/usr/lib/gcc/x86_64-linux-gnu/:/usr/lib/gcc/x86_64-linux-gnu/7/:/usr/lib/gcc/x86_64-linux-gnu/
LIBRARY_PATH=/usr/lib/gcc/x86_64-linux-gnu/7/:/usr/lib/gcc/x86_64-linux-gnu/7/../../../x86_64-linux-gnu/:/usr/lib/gcc/x86_64-linux-gnu/7/../../../../lib/:/lib/x86_64-linux-gnu/:/lib/../lib/:/usr/lib/x86_64-linux-gnu/:/usr/lib/../lib/:/usr/lib/gcc/x86_64-linux-gnu/7/../../../:/lib/:/usr/lib/
COLLECT_GCC_OPTIONS='-v' '-o' 'cmTC_4cd0d' '-mtune=generic' '-march=x86-64'
 /usr/lib/gcc/x86_64-linux-gnu/7/collect2 -plugin /usr/lib/gcc/x86_64-linux-gnu/7/liblto_plugin.so -plugin-opt=/usr/lib/gcc/x86_64-linux-gnu/7/lto-wrapper -plugin-opt=-fresolution=/tmp/ccbwZWcy.res -plugin-opt=-pass-through=-lgcc -plugin-opt=-pass-through=-lgcc_s -plugin-opt=-pass-through=-lc -plugin-opt=-pass-through=-lgcc -plugin-opt=-pass-through=-lgcc_s --build-id --eh-frame-hdr -m elf_x86_64 --hash-style=gnu --as-needed -dynamic-linker /lib64/ld-linux-x86-64.so.2 -pie -z now -z relro -o cmTC_4cd0d /usr/lib/gcc/x86_64-linux-gnu/7/../../../x86_64-linux-gnu/Scrt1.o /usr/lib/gcc/x86_64-linux-gnu/7/../../../x86_64-linux-gnu/crti.o /usr/lib/gcc/x86_64-linux-gnu/7/crtbeginS.o -L/usr/lib/gcc/x86_64-linux-gnu/7 -L/usr/lib/gcc/x86_64-linux-gnu/7/../../../x86_64-linux-gnu -L/usr/lib/gcc/x86_64-linux-gnu/7/../../../../lib -L/lib/x86_64-linux-gnu -L/lib/../lib -L/usr/lib/x86_64-linux-gnu -L/usr/lib/../lib -L/usr/lib/gcc/x86_64-linux-gnu/7/../../.. CMakeFiles/cmTC_4cd0d.dir/CMakeCCompilerABI.c.o -lgcc --push-state --as-needed -lgcc_s --pop-state -lc -lgcc --push-state --as-needed -lgcc_s --pop-state /usr/lib/gcc/x86_64-linux-gnu/7/crtendS.o /usr/lib/gcc/x86_64-linux-gnu/7/../../../x86_64-linux-gnu/crtn.o
COLLECT_GCC_OPTIONS='-v' '-o' 'cmTC_4cd0d' '-mtune=generic' '-march=x86-64'
make[1]: Leaving directory '/home/anoushka/workspace/etiss/trial3/CMakeFiles/CMakeTmp'



Parsed C implicit include dir info from above output: rv=done
  found start of include info
  found start of implicit include info
    add: [/usr/lib/gcc/x86_64-linux-gnu/7/include]
    add: [/usr/local/include]
    add: [/usr/lib/gcc/x86_64-linux-gnu/7/include-fixed]
    add: [/usr/include/x86_64-linux-gnu]
    add: [/usr/include]
  end of search list found
  collapse include dir [/usr/lib/gcc/x86_64-linux-gnu/7/include] ==> [/usr/lib/gcc/x86_64-linux-gnu/7/include]
  collapse include dir [/usr/local/include] ==> [/usr/local/include]
  collapse include dir [/usr/lib/gcc/x86_64-linux-gnu/7/include-fixed] ==> [/usr/lib/gcc/x86_64-linux-gnu/7/include-fixed]
  collapse include dir [/usr/include/x86_64-linux-gnu] ==> [/usr/include/x86_64-linux-gnu]
  collapse include dir [/usr/include] ==> [/usr/include]
  implicit include dirs: [/usr/lib/gcc/x86_64-linux-gnu/7/include;/usr/local/include;/usr/lib/gcc/x86_64-linux-gnu/7/include-fixed;/usr/include/x86_64-linux-gnu;/usr/include]


Parsed C implicit link information from above output:
  link line regex: [^( *|.*[/\])(ld|CMAKE_LINK_STARTFILE-NOTFOUND|([^/\]+-)?ld|collect2)[^/\]*( |$)]
  ignore line: [Change Dir: /home/anoushka/workspace/etiss/trial3/CMakeFiles/CMakeTmp]
  ignore line: []
  ignore line: [Run Build Command(s):/usr/bin/make cmTC_4cd0d/fast && /usr/bin/make -f CMakeFiles/cmTC_4cd0d.dir/build.make CMakeFiles/cmTC_4cd0d.dir/build]
  ignore line: [make[1]: Entering directory '/home/anoushka/workspace/etiss/trial3/CMakeFiles/CMakeTmp']
  ignore line: [Building C object CMakeFiles/cmTC_4cd0d.dir/CMakeCCompilerABI.c.o]
  ignore line: [/usr/bin/cc   -v -o CMakeFiles/cmTC_4cd0d.dir/CMakeCCompilerABI.c.o   -c /usr/local/share/cmake-3.16/Modules/CMakeCCompilerABI.c]
  ignore line: [Using built-in specs.]
  ignore line: [COLLECT_GCC=/usr/bin/cc]
  ignore line: [OFFLOAD_TARGET_NAMES=nvptx-none]
  ignore line: [OFFLOAD_TARGET_DEFAULT=1]
  ignore line: [Target: x86_64-linux-gnu]
  ignore line: [Configured with: ../src/configure -v --with-pkgversion='Ubuntu 7.5.0-3ubuntu1~18.04' --with-bugurl=file:///usr/share/doc/gcc-7/README.Bugs --enable-languages=c ada c++ go brig d fortran objc obj-c++ --prefix=/usr --with-gcc-major-version-only --program-suffix=-7 --program-prefix=x86_64-linux-gnu- --enable-shared --enable-linker-build-id --libexecdir=/usr/lib --without-included-gettext --enable-threads=posix --libdir=/usr/lib --enable-nls --enable-bootstrap --enable-clocale=gnu --enable-libstdcxx-debug --enable-libstdcxx-time=yes --with-default-libstdcxx-abi=new --enable-gnu-unique-object --disable-vtable-verify --enable-libmpx --enable-plugin --enable-default-pie --with-system-zlib --with-target-system-zlib --enable-objc-gc=auto --enable-multiarch --disable-werror --with-arch-32=i686 --with-abi=m64 --with-multilib-list=m32 m64 mx32 --enable-multilib --with-tune=generic --enable-offload-targets=nvptx-none --without-cuda-driver --enable-checking=release --build=x86_64-linux-gnu --host=x86_64-linux-gnu --target=x86_64-linux-gnu]
  ignore line: [Thread model: posix]
  ignore line: [gcc version 7.5.0 (Ubuntu 7.5.0-3ubuntu1~18.04) ]
  ignore line: [COLLECT_GCC_OPTIONS='-v' '-o' 'CMakeFiles/cmTC_4cd0d.dir/CMakeCCompilerABI.c.o' '-c' '-mtune=generic' '-march=x86-64']
  ignore line: [ /usr/lib/gcc/x86_64-linux-gnu/7/cc1 -quiet -v -imultiarch x86_64-linux-gnu /usr/local/share/cmake-3.16/Modules/CMakeCCompilerABI.c -quiet -dumpbase CMakeCCompilerABI.c -mtune=generic -march=x86-64 -auxbase-strip CMakeFiles/cmTC_4cd0d.dir/CMakeCCompilerABI.c.o -version -fstack-protector-strong -Wformat -Wformat-security -o /tmp/cc247MUv.s]
  ignore line: [GNU C11 (Ubuntu 7.5.0-3ubuntu1~18.04) version 7.5.0 (x86_64-linux-gnu)]
  ignore line: [	compiled by GNU C version 7.5.0  GMP version 6.1.2  MPFR version 4.0.1  MPC version 1.1.0  isl version isl-0.19-GMP]
  ignore line: []
  ignore line: [GGC heuristics: --param ggc-min-expand=100 --param ggc-min-heapsize=131072]
  ignore line: [ignoring nonexistent directory "/usr/local/include/x86_64-linux-gnu"]
  ignore line: [ignoring nonexistent directory "/usr/lib/gcc/x86_64-linux-gnu/7/../../../../x86_64-linux-gnu/include"]
  ignore line: [#include "..." search starts here:]
  ignore line: [#include <...> search starts here:]
  ignore line: [ /usr/lib/gcc/x86_64-linux-gnu/7/include]
  ignore line: [ /usr/local/include]
  ignore line: [ /usr/lib/gcc/x86_64-linux-gnu/7/include-fixed]
  ignore line: [ /usr/include/x86_64-linux-gnu]
  ignore line: [ /usr/include]
  ignore line: [End of search list.]
  ignore line: [GNU C11 (Ubuntu 7.5.0-3ubuntu1~18.04) version 7.5.0 (x86_64-linux-gnu)]
  ignore line: [	compiled by GNU C version 7.5.0  GMP version 6.1.2  MPFR version 4.0.1  MPC version 1.1.0  isl version isl-0.19-GMP]
  ignore line: []
  ignore line: [GGC heuristics: --param ggc-min-expand=100 --param ggc-min-heapsize=131072]
  ignore line: [Compiler executable checksum: b62ed4a2880cd4159476ea8293b72fa8]
  ignore line: [COLLECT_GCC_OPTIONS='-v' '-o' 'CMakeFiles/cmTC_4cd0d.dir/CMakeCCompilerABI.c.o' '-c' '-mtune=generic' '-march=x86-64']
  ignore line: [ as -v --64 -o CMakeFiles/cmTC_4cd0d.dir/CMakeCCompilerABI.c.o /tmp/cc247MUv.s]
  ignore line: [GNU assembler version 2.30 (x86_64-linux-gnu) using BFD version (GNU Binutils for Ubuntu) 2.30]
  ignore line: [COMPILER_PATH=/usr/lib/gcc/x86_64-linux-gnu/7/:/usr/lib/gcc/x86_64-linux-gnu/7/:/usr/lib/gcc/x86_64-linux-gnu/:/usr/lib/gcc/x86_64-linux-gnu/7/:/usr/lib/gcc/x86_64-linux-gnu/]
  ignore line: [LIBRARY_PATH=/usr/lib/gcc/x86_64-linux-gnu/7/:/usr/lib/gcc/x86_64-linux-gnu/7/../../../x86_64-linux-gnu/:/usr/lib/gcc/x86_64-linux-gnu/7/../../../../lib/:/lib/x86_64-linux-gnu/:/lib/../lib/:/usr/lib/x86_64-linux-gnu/:/usr/lib/../lib/:/usr/lib/gcc/x86_64-linux-gnu/7/../../../:/lib/:/usr/lib/]
  ignore line: [COLLECT_GCC_OPTIONS='-v' '-o' 'CMakeFiles/cmTC_4cd0d.dir/CMakeCCompilerABI.c.o' '-c' '-mtune=generic' '-march=x86-64']
  ignore line: [Linking C executable cmTC_4cd0d]
  ignore line: [/usr/local/bin/cmake -E cmake_link_script CMakeFiles/cmTC_4cd0d.dir/link.txt --verbose=1]
  ignore line: [/usr/bin/cc     -v CMakeFiles/cmTC_4cd0d.dir/CMakeCCompilerABI.c.o  -o cmTC_4cd0d ]
  ignore line: [Using built-in specs.]
  ignore line: [COLLECT_GCC=/usr/bin/cc]
  ignore line: [COLLECT_LTO_WRAPPER=/usr/lib/gcc/x86_64-linux-gnu/7/lto-wrapper]
  ignore line: [OFFLOAD_TARGET_NAMES=nvptx-none]
  ignore line: [OFFLOAD_TARGET_DEFAULT=1]
  ignore line: [Target: x86_64-linux-gnu]
  ignore line: [Configured with: ../src/configure -v --with-pkgversion='Ubuntu 7.5.0-3ubuntu1~18.04' --with-bugurl=file:///usr/share/doc/gcc-7/README.Bugs --enable-languages=c ada c++ go brig d fortran objc obj-c++ --prefix=/usr --with-gcc-major-version-only --program-suffix=-7 --program-prefix=x86_64-linux-gnu- --enable-shared --enable-linker-build-id --libexecdir=/usr/lib --without-included-gettext --enable-threads=posix --libdir=/usr/lib --enable-nls --enable-bootstrap --enable-clocale=gnu --enable-libstdcxx-debug --enable-libstdcxx-time=yes --with-default-libstdcxx-abi=new --enable-gnu-unique-object --disable-vtable-verify --enable-libmpx --enable-plugin --enable-default-pie --with-system-zlib --with-target-system-zlib --enable-objc-gc=auto --enable-multiarch --disable-werror --with-arch-32=i686 --with-abi=m64 --with-multilib-list=m32 m64 mx32 --enable-multilib --with-tune=generic --enable-offload-targets=nvptx-none --without-cuda-driver --enable-checking=release --build=x86_64-linux-gnu --host=x86_64-linux-gnu --target=x86_64-linux-gnu]
  ignore line: [Thread model: posix]
  ignore line: [gcc version 7.5.0 (Ubuntu 7.5.0-3ubuntu1~18.04) ]
  ignore line: [COMPILER_PATH=/usr/lib/gcc/x86_64-linux-gnu/7/:/usr/lib/gcc/x86_64-linux-gnu/7/:/usr/lib/gcc/x86_64-linux-gnu/:/usr/lib/gcc/x86_64-linux-gnu/7/:/usr/lib/gcc/x86_64-linux-gnu/]
  ignore line: [LIBRARY_PATH=/usr/lib/gcc/x86_64-linux-gnu/7/:/usr/lib/gcc/x86_64-linux-gnu/7/../../../x86_64-linux-gnu/:/usr/lib/gcc/x86_64-linux-gnu/7/../../../../lib/:/lib/x86_64-linux-gnu/:/lib/../lib/:/usr/lib/x86_64-linux-gnu/:/usr/lib/../lib/:/usr/lib/gcc/x86_64-linux-gnu/7/../../../:/lib/:/usr/lib/]
  ignore line: [COLLECT_GCC_OPTIONS='-v' '-o' 'cmTC_4cd0d' '-mtune=generic' '-march=x86-64']
  link line: [ /usr/lib/gcc/x86_64-linux-gnu/7/collect2 -plugin /usr/lib/gcc/x86_64-linux-gnu/7/liblto_plugin.so -plugin-opt=/usr/lib/gcc/x86_64-linux-gnu/7/lto-wrapper -plugin-opt=-fresolution=/tmp/ccbwZWcy.res -plugin-opt=-pass-through=-lgcc -plugin-opt=-pass-through=-lgcc_s -plugin-opt=-pass-through=-lc -plugin-opt=-pass-through=-lgcc -plugin-opt=-pass-through=-lgcc_s --build-id --eh-frame-hdr -m elf_x86_64 --hash-style=gnu --as-needed -dynamic-linker /lib64/ld-linux-x86-64.so.2 -pie -z now -z relro -o cmTC_4cd0d /usr/lib/gcc/x86_64-linux-gnu/7/../../../x86_64-linux-gnu/Scrt1.o /usr/lib/gcc/x86_64-linux-gnu/7/../../../x86_64-linux-gnu/crti.o /usr/lib/gcc/x86_64-linux-gnu/7/crtbeginS.o -L/usr/lib/gcc/x86_64-linux-gnu/7 -L/usr/lib/gcc/x86_64-linux-gnu/7/../../../x86_64-linux-gnu -L/usr/lib/gcc/x86_64-linux-gnu/7/../../../../lib -L/lib/x86_64-linux-gnu -L/lib/../lib -L/usr/lib/x86_64-linux-gnu -L/usr/lib/../lib -L/usr/lib/gcc/x86_64-linux-gnu/7/../../.. CMakeFiles/cmTC_4cd0d.dir/CMakeCCompilerABI.c.o -lgcc --push-state --as-needed -lgcc_s --pop-state -lc -lgcc --push-state --as-needed -lgcc_s --pop-state /usr/lib/gcc/x86_64-linux-gnu/7/crtendS.o /usr/lib/gcc/x86_64-linux-gnu/7/../../../x86_64-linux-gnu/crtn.o]
    arg [/usr/lib/gcc/x86_64-linux-gnu/7/collect2] ==> ignore
    arg [-plugin] ==> ignore
    arg [/usr/lib/gcc/x86_64-linux-gnu/7/liblto_plugin.so] ==> ignore
    arg [-plugin-opt=/usr/lib/gcc/x86_64-linux-gnu/7/lto-wrapper] ==> ignore
    arg [-plugin-opt=-fresolution=/tmp/ccbwZWcy.res] ==> ignore
    arg [-plugin-opt=-pass-through=-lgcc] ==> ignore
    arg [-plugin-opt=-pass-through=-lgcc_s] ==> ignore
    arg [-plugin-opt=-pass-through=-lc] ==> ignore
    arg [-plugin-opt=-pass-through=-lgcc] ==> ignore
    arg [-plugin-opt=-pass-through=-lgcc_s] ==> ignore
    arg [--build-id] ==> ignore
    arg [--eh-frame-hdr] ==> ignore
    arg [-m] ==> ignore
    arg [elf_x86_64] ==> ignore
    arg [--hash-style=gnu] ==> ignore
    arg [--as-needed] ==> ignore
    arg [-dynamic-linker] ==> ignore
    arg [/lib64/ld-linux-x86-64.so.2] ==> ignore
    arg [-pie] ==> ignore
    arg [-znow] ==> ignore
    arg [-zrelro] ==> ignore
    arg [-o] ==> ignore
    arg [cmTC_4cd0d] ==> ignore
    arg [/usr/lib/gcc/x86_64-linux-gnu/7/../../../x86_64-linux-gnu/Scrt1.o] ==> ignore
    arg [/usr/lib/gcc/x86_64-linux-gnu/7/../../../x86_64-linux-gnu/crti.o] ==> ignore
    arg [/usr/lib/gcc/x86_64-linux-gnu/7/crtbeginS.o] ==> ignore
    arg [-L/usr/lib/gcc/x86_64-linux-gnu/7] ==> dir [/usr/lib/gcc/x86_64-linux-gnu/7]
    arg [-L/usr/lib/gcc/x86_64-linux-gnu/7/../../../x86_64-linux-gnu] ==> dir [/usr/lib/gcc/x86_64-linux-gnu/7/../../../x86_64-linux-gnu]
    arg [-L/usr/lib/gcc/x86_64-linux-gnu/7/../../../../lib] ==> dir [/usr/lib/gcc/x86_64-linux-gnu/7/../../../../lib]
    arg [-L/lib/x86_64-linux-gnu] ==> dir [/lib/x86_64-linux-gnu]
    arg [-L/lib/../lib] ==> dir [/lib/../lib]
    arg [-L/usr/lib/x86_64-linux-gnu] ==> dir [/usr/lib/x86_64-linux-gnu]
    arg [-L/usr/lib/../lib] ==> dir [/usr/lib/../lib]
    arg [-L/usr/lib/gcc/x86_64-linux-gnu/7/../../..] ==> dir [/usr/lib/gcc/x86_64-linux-gnu/7/../../..]
    arg [CMakeFiles/cmTC_4cd0d.dir/CMakeCCompilerABI.c.o] ==> ignore
    arg [-lgcc] ==> lib [gcc]
    arg [--push-state] ==> ignore
    arg [--as-needed] ==> ignore
    arg [-lgcc_s] ==> lib [gcc_s]
    arg [--pop-state] ==> ignore
    arg [-lc] ==> lib [c]
    arg [-lgcc] ==> lib [gcc]
    arg [--push-state] ==> ignore
    arg [--as-needed] ==> ignore
    arg [-lgcc_s] ==> lib [gcc_s]
    arg [--pop-state] ==> ignore
    arg [/usr/lib/gcc/x86_64-linux-gnu/7/crtendS.o] ==> ignore
    arg [/usr/lib/gcc/x86_64-linux-gnu/7/../../../x86_64-linux-gnu/crtn.o] ==> ignore
  collapse library dir [/usr/lib/gcc/x86_64-linux-gnu/7] ==> [/usr/lib/gcc/x86_64-linux-gnu/7]
  collapse library dir [/usr/lib/gcc/x86_64-linux-gnu/7/../../../x86_64-linux-gnu] ==> [/usr/lib/x86_64-linux-gnu]
  collapse library dir [/usr/lib/gcc/x86_64-linux-gnu/7/../../../../lib] ==> [/usr/lib]
  collapse library dir [/lib/x86_64-linux-gnu] ==> [/lib/x86_64-linux-gnu]
  collapse library dir [/lib/../lib] ==> [/lib]
  collapse library dir [/usr/lib/x86_64-linux-gnu] ==> [/usr/lib/x86_64-linux-gnu]
  collapse library dir [/usr/lib/../lib] ==> [/usr/lib]
  collapse library dir [/usr/lib/gcc/x86_64-linux-gnu/7/../../..] ==> [/usr/lib]
  implicit libs: [gcc;gcc_s;c;gcc;gcc_s]
  implicit dirs: [/usr/lib/gcc/x86_64-linux-gnu/7;/usr/lib/x86_64-linux-gnu;/usr/lib;/lib/x86_64-linux-gnu;/lib]
  implicit fwks: []


Determining if the CXX compiler works passed with the following output:
Change Dir: /home/anoushka/workspace/etiss/trial3/CMakeFiles/CMakeTmp

Run Build Command(s):/usr/bin/make cmTC_38efa/fast && /usr/bin/make -f CMakeFiles/cmTC_38efa.dir/build.make CMakeFiles/cmTC_38efa.dir/build
make[1]: Entering directory '/home/anoushka/workspace/etiss/trial3/CMakeFiles/CMakeTmp'
Building CXX object CMakeFiles/cmTC_38efa.dir/testCXXCompiler.cxx.o
/usr/bin/c++     -o CMakeFiles/cmTC_38efa.dir/testCXXCompiler.cxx.o -c /home/anoushka/workspace/etiss/trial3/CMakeFiles/CMakeTmp/testCXXCompiler.cxx
Linking CXX executable cmTC_38efa
/usr/local/bin/cmake -E cmake_link_script CMakeFiles/cmTC_38efa.dir/link.txt --verbose=1
/usr/bin/c++       CMakeFiles/cmTC_38efa.dir/testCXXCompiler.cxx.o  -o cmTC_38efa 
make[1]: Leaving directory '/home/anoushka/workspace/etiss/trial3/CMakeFiles/CMakeTmp'



Detecting CXX compiler ABI info compiled with the following output:
Change Dir: /home/anoushka/workspace/etiss/trial3/CMakeFiles/CMakeTmp

Run Build Command(s):/usr/bin/make cmTC_2e180/fast && /usr/bin/make -f CMakeFiles/cmTC_2e180.dir/build.make CMakeFiles/cmTC_2e180.dir/build
make[1]: Entering directory '/home/anoushka/workspace/etiss/trial3/CMakeFiles/CMakeTmp'
Building CXX object CMakeFiles/cmTC_2e180.dir/CMakeCXXCompilerABI.cpp.o
/usr/bin/c++    -v -o CMakeFiles/cmTC_2e180.dir/CMakeCXXCompilerABI.cpp.o -c /usr/local/share/cmake-3.16/Modules/CMakeCXXCompilerABI.cpp
Using built-in specs.
COLLECT_GCC=/usr/bin/c++
OFFLOAD_TARGET_NAMES=nvptx-none
OFFLOAD_TARGET_DEFAULT=1
Target: x86_64-linux-gnu
Configured with: ../src/configure -v --with-pkgversion='Ubuntu 7.5.0-3ubuntu1~18.04' --with-bugurl=file:///usr/share/doc/gcc-7/README.Bugs --enable-languages=c,ada,c++,go,brig,d,fortran,objc,obj-c++ --prefix=/usr --with-gcc-major-version-only --program-suffix=-7 --program-prefix=x86_64-linux-gnu- --enable-shared --enable-linker-build-id --libexecdir=/usr/lib --without-included-gettext --enable-threads=posix --libdir=/usr/lib --enable-nls --enable-bootstrap --enable-clocale=gnu --enable-libstdcxx-debug --enable-libstdcxx-time=yes --with-default-libstdcxx-abi=new --enable-gnu-unique-object --disable-vtable-verify --enable-libmpx --enable-plugin --enable-default-pie --with-system-zlib --with-target-system-zlib --enable-objc-gc=auto --enable-multiarch --disable-werror --with-arch-32=i686 --with-abi=m64 --with-multilib-list=m32,m64,mx32 --enable-multilib --with-tune=generic --enable-offload-targets=nvptx-none --without-cuda-driver --enable-checking=release --build=x86_64-linux-gnu --host=x86_64-linux-gnu --target=x86_64-linux-gnu
Thread model: posix
gcc version 7.5.0 (Ubuntu 7.5.0-3ubuntu1~18.04) 
COLLECT_GCC_OPTIONS='-v' '-o' 'CMakeFiles/cmTC_2e180.dir/CMakeCXXCompilerABI.cpp.o' '-c' '-shared-libgcc' '-mtune=generic' '-march=x86-64'
 /usr/lib/gcc/x86_64-linux-gnu/7/cc1plus -quiet -v -imultiarch x86_64-linux-gnu -D_GNU_SOURCE /usr/local/share/cmake-3.16/Modules/CMakeCXXCompilerABI.cpp -quiet -dumpbase CMakeCXXCompilerABI.cpp -mtune=generic -march=x86-64 -auxbase-strip CMakeFiles/cmTC_2e180.dir/CMakeCXXCompilerABI.cpp.o -version -fstack-protector-strong -Wformat -Wformat-security -o /tmp/ccvyClAw.s
GNU C++14 (Ubuntu 7.5.0-3ubuntu1~18.04) version 7.5.0 (x86_64-linux-gnu)
	compiled by GNU C version 7.5.0, GMP version 6.1.2, MPFR version 4.0.1, MPC version 1.1.0, isl version isl-0.19-GMP

GGC heuristics: --param ggc-min-expand=100 --param ggc-min-heapsize=131072
ignoring duplicate directory "/usr/include/x86_64-linux-gnu/c++/7"
ignoring nonexistent directory "/usr/local/include/x86_64-linux-gnu"
ignoring nonexistent directory "/usr/lib/gcc/x86_64-linux-gnu/7/../../../../x86_64-linux-gnu/include"
#include "..." search starts here:
#include <...> search starts here:
 /usr/include/c++/7
 /usr/include/x86_64-linux-gnu/c++/7
 /usr/include/c++/7/backward
 /usr/lib/gcc/x86_64-linux-gnu/7/include
 /usr/local/include
 /usr/lib/gcc/x86_64-linux-gnu/7/include-fixed
 /usr/include/x86_64-linux-gnu
 /usr/include
End of search list.
GNU C++14 (Ubuntu 7.5.0-3ubuntu1~18.04) version 7.5.0 (x86_64-linux-gnu)
	compiled by GNU C version 7.5.0, GMP version 6.1.2, MPFR version 4.0.1, MPC version 1.1.0, isl version isl-0.19-GMP

GGC heuristics: --param ggc-min-expand=100 --param ggc-min-heapsize=131072
Compiler executable checksum: 3eb3dc290cd5714c3e1c3ae751116f07
COLLECT_GCC_OPTIONS='-v' '-o' 'CMakeFiles/cmTC_2e180.dir/CMakeCXXCompilerABI.cpp.o' '-c' '-shared-libgcc' '-mtune=generic' '-march=x86-64'
 as -v --64 -o CMakeFiles/cmTC_2e180.dir/CMakeCXXCompilerABI.cpp.o /tmp/ccvyClAw.s
GNU assembler version 2.30 (x86_64-linux-gnu) using BFD version (GNU Binutils for Ubuntu) 2.30
COMPILER_PATH=/usr/lib/gcc/x86_64-linux-gnu/7/:/usr/lib/gcc/x86_64-linux-gnu/7/:/usr/lib/gcc/x86_64-linux-gnu/:/usr/lib/gcc/x86_64-linux-gnu/7/:/usr/lib/gcc/x86_64-linux-gnu/
LIBRARY_PATH=/usr/lib/gcc/x86_64-linux-gnu/7/:/usr/lib/gcc/x86_64-linux-gnu/7/../../../x86_64-linux-gnu/:/usr/lib/gcc/x86_64-linux-gnu/7/../../../../lib/:/lib/x86_64-linux-gnu/:/lib/../lib/:/usr/lib/x86_64-linux-gnu/:/usr/lib/../lib/:/usr/lib/gcc/x86_64-linux-gnu/7/../../../:/lib/:/usr/lib/
COLLECT_GCC_OPTIONS='-v' '-o' 'CMakeFiles/cmTC_2e180.dir/CMakeCXXCompilerABI.cpp.o' '-c' '-shared-libgcc' '-mtune=generic' '-march=x86-64'
Linking CXX executable cmTC_2e180
/usr/local/bin/cmake -E cmake_link_script CMakeFiles/cmTC_2e180.dir/link.txt --verbose=1
/usr/bin/c++      -v CMakeFiles/cmTC_2e180.dir/CMakeCXXCompilerABI.cpp.o  -o cmTC_2e180 
Using built-in specs.
COLLECT_GCC=/usr/bin/c++
COLLECT_LTO_WRAPPER=/usr/lib/gcc/x86_64-linux-gnu/7/lto-wrapper
OFFLOAD_TARGET_NAMES=nvptx-none
OFFLOAD_TARGET_DEFAULT=1
Target: x86_64-linux-gnu
Configured with: ../src/configure -v --with-pkgversion='Ubuntu 7.5.0-3ubuntu1~18.04' --with-bugurl=file:///usr/share/doc/gcc-7/README.Bugs --enable-languages=c,ada,c++,go,brig,d,fortran,objc,obj-c++ --prefix=/usr --with-gcc-major-version-only --program-suffix=-7 --program-prefix=x86_64-linux-gnu- --enable-shared --enable-linker-build-id --libexecdir=/usr/lib --without-included-gettext --enable-threads=posix --libdir=/usr/lib --enable-nls --enable-bootstrap --enable-clocale=gnu --enable-libstdcxx-debug --enable-libstdcxx-time=yes --with-default-libstdcxx-abi=new --enable-gnu-unique-object --disable-vtable-verify --enable-libmpx --enable-plugin --enable-default-pie --with-system-zlib --with-target-system-zlib --enable-objc-gc=auto --enable-multiarch --disable-werror --with-arch-32=i686 --with-abi=m64 --with-multilib-list=m32,m64,mx32 --enable-multilib --with-tune=generic --enable-offload-targets=nvptx-none --without-cuda-driver --enable-checking=release --build=x86_64-linux-gnu --host=x86_64-linux-gnu --target=x86_64-linux-gnu
Thread model: posix
gcc version 7.5.0 (Ubuntu 7.5.0-3ubuntu1~18.04) 
COMPILER_PATH=/usr/lib/gcc/x86_64-linux-gnu/7/:/usr/lib/gcc/x86_64-linux-gnu/7/:/usr/lib/gcc/x86_64-linux-gnu/:/usr/lib/gcc/x86_64-linux-gnu/7/:/usr/lib/gcc/x86_64-linux-gnu/
LIBRARY_PATH=/usr/lib/gcc/x86_64-linux-gnu/7/:/usr/lib/gcc/x86_64-linux-gnu/7/../../../x86_64-linux-gnu/:/usr/lib/gcc/x86_64-linux-gnu/7/../../../../lib/:/lib/x86_64-linux-gnu/:/lib/../lib/:/usr/lib/x86_64-linux-gnu/:/usr/lib/../lib/:/usr/lib/gcc/x86_64-linux-gnu/7/../../../:/lib/:/usr/lib/
COLLECT_GCC_OPTIONS='-v' '-o' 'cmTC_2e180' '-shared-libgcc' '-mtune=generic' '-march=x86-64'
 /usr/lib/gcc/x86_64-linux-gnu/7/collect2 -plugin /usr/lib/gcc/x86_64-linux-gnu/7/liblto_plugin.so -plugin-opt=/usr/lib/gcc/x86_64-linux-gnu/7/lto-wrapper -plugin-opt=-fresolution=/tmp/ccGKISty.res -plugin-opt=-pass-through=-lgcc_s -plugin-opt=-pass-through=-lgcc -plugin-opt=-pass-through=-lc -plugin-opt=-pass-through=-lgcc_s -plugin-opt=-pass-through=-lgcc --build-id --eh-frame-hdr -m elf_x86_64 --hash-style=gnu --as-needed -dynamic-linker /lib64/ld-linux-x86-64.so.2 -pie -z now -z relro -o cmTC_2e180 /usr/lib/gcc/x86_64-linux-gnu/7/../../../x86_64-linux-gnu/Scrt1.o /usr/lib/gcc/x86_64-linux-gnu/7/../../../x86_64-linux-gnu/crti.o /usr/lib/gcc/x86_64-linux-gnu/7/crtbeginS.o -L/usr/lib/gcc/x86_64-linux-gnu/7 -L/usr/lib/gcc/x86_64-linux-gnu/7/../../../x86_64-linux-gnu -L/usr/lib/gcc/x86_64-linux-gnu/7/../../../../lib -L/lib/x86_64-linux-gnu -L/lib/../lib -L/usr/lib/x86_64-linux-gnu -L/usr/lib/../lib -L/usr/lib/gcc/x86_64-linux-gnu/7/../../.. CMakeFiles/cmTC_2e180.dir/CMakeCXXCompilerABI.cpp.o -lstdc++ -lm -lgcc_s -lgcc -lc -lgcc_s -lgcc /usr/lib/gcc/x86_64-linux-gnu/7/crtendS.o /usr/lib/gcc/x86_64-linux-gnu/7/../../../x86_64-linux-gnu/crtn.o
COLLECT_GCC_OPTIONS='-v' '-o' 'cmTC_2e180' '-shared-libgcc' '-mtune=generic' '-march=x86-64'
make[1]: Leaving directory '/home/anoushka/workspace/etiss/trial3/CMakeFiles/CMakeTmp'



Parsed CXX implicit include dir info from above output: rv=done
  found start of include info
  found start of implicit include info
    add: [/usr/include/c++/7]
    add: [/usr/include/x86_64-linux-gnu/c++/7]
    add: [/usr/include/c++/7/backward]
    add: [/usr/lib/gcc/x86_64-linux-gnu/7/include]
    add: [/usr/local/include]
    add: [/usr/lib/gcc/x86_64-linux-gnu/7/include-fixed]
    add: [/usr/include/x86_64-linux-gnu]
    add: [/usr/include]
  end of search list found
  collapse include dir [/usr/include/c++/7] ==> [/usr/include/c++/7]
  collapse include dir [/usr/include/x86_64-linux-gnu/c++/7] ==> [/usr/include/x86_64-linux-gnu/c++/7]
  collapse include dir [/usr/include/c++/7/backward] ==> [/usr/include/c++/7/backward]
  collapse include dir [/usr/lib/gcc/x86_64-linux-gnu/7/include] ==> [/usr/lib/gcc/x86_64-linux-gnu/7/include]
  collapse include dir [/usr/local/include] ==> [/usr/local/include]
  collapse include dir [/usr/lib/gcc/x86_64-linux-gnu/7/include-fixed] ==> [/usr/lib/gcc/x86_64-linux-gnu/7/include-fixed]
  collapse include dir [/usr/include/x86_64-linux-gnu] ==> [/usr/include/x86_64-linux-gnu]
  collapse include dir [/usr/include] ==> [/usr/include]
  implicit include dirs: [/usr/include/c++/7;/usr/include/x86_64-linux-gnu/c++/7;/usr/include/c++/7/backward;/usr/lib/gcc/x86_64-linux-gnu/7/include;/usr/local/include;/usr/lib/gcc/x86_64-linux-gnu/7/include-fixed;/usr/include/x86_64-linux-gnu;/usr/include]


Parsed CXX implicit link information from above output:
  link line regex: [^( *|.*[/\])(ld|CMAKE_LINK_STARTFILE-NOTFOUND|([^/\]+-)?ld|collect2)[^/\]*( |$)]
  ignore line: [Change Dir: /home/anoushka/workspace/etiss/trial3/CMakeFiles/CMakeTmp]
  ignore line: []
  ignore line: [Run Build Command(s):/usr/bin/make cmTC_2e180/fast && /usr/bin/make -f CMakeFiles/cmTC_2e180.dir/build.make CMakeFiles/cmTC_2e180.dir/build]
  ignore line: [make[1]: Entering directory '/home/anoushka/workspace/etiss/trial3/CMakeFiles/CMakeTmp']
  ignore line: [Building CXX object CMakeFiles/cmTC_2e180.dir/CMakeCXXCompilerABI.cpp.o]
  ignore line: [/usr/bin/c++    -v -o CMakeFiles/cmTC_2e180.dir/CMakeCXXCompilerABI.cpp.o -c /usr/local/share/cmake-3.16/Modules/CMakeCXXCompilerABI.cpp]
  ignore line: [Using built-in specs.]
  ignore line: [COLLECT_GCC=/usr/bin/c++]
  ignore line: [OFFLOAD_TARGET_NAMES=nvptx-none]
  ignore line: [OFFLOAD_TARGET_DEFAULT=1]
  ignore line: [Target: x86_64-linux-gnu]
  ignore line: [Configured with: ../src/configure -v --with-pkgversion='Ubuntu 7.5.0-3ubuntu1~18.04' --with-bugurl=file:///usr/share/doc/gcc-7/README.Bugs --enable-languages=c ada c++ go brig d fortran objc obj-c++ --prefix=/usr --with-gcc-major-version-only --program-suffix=-7 --program-prefix=x86_64-linux-gnu- --enable-shared --enable-linker-build-id --libexecdir=/usr/lib --without-included-gettext --enable-threads=posix --libdir=/usr/lib --enable-nls --enable-bootstrap --enable-clocale=gnu --enable-libstdcxx-debug --enable-libstdcxx-time=yes --with-default-libstdcxx-abi=new --enable-gnu-unique-object --disable-vtable-verify --enable-libmpx --enable-plugin --enable-default-pie --with-system-zlib --with-target-system-zlib --enable-objc-gc=auto --enable-multiarch --disable-werror --with-arch-32=i686 --with-abi=m64 --with-multilib-list=m32 m64 mx32 --enable-multilib --with-tune=generic --enable-offload-targets=nvptx-none --without-cuda-driver --enable-checking=release --build=x86_64-linux-gnu --host=x86_64-linux-gnu --target=x86_64-linux-gnu]
  ignore line: [Thread model: posix]
  ignore line: [gcc version 7.5.0 (Ubuntu 7.5.0-3ubuntu1~18.04) ]
  ignore line: [COLLECT_GCC_OPTIONS='-v' '-o' 'CMakeFiles/cmTC_2e180.dir/CMakeCXXCompilerABI.cpp.o' '-c' '-shared-libgcc' '-mtune=generic' '-march=x86-64']
  ignore line: [ /usr/lib/gcc/x86_64-linux-gnu/7/cc1plus -quiet -v -imultiarch x86_64-linux-gnu -D_GNU_SOURCE /usr/local/share/cmake-3.16/Modules/CMakeCXXCompilerABI.cpp -quiet -dumpbase CMakeCXXCompilerABI.cpp -mtune=generic -march=x86-64 -auxbase-strip CMakeFiles/cmTC_2e180.dir/CMakeCXXCompilerABI.cpp.o -version -fstack-protector-strong -Wformat -Wformat-security -o /tmp/ccvyClAw.s]
  ignore line: [GNU C++14 (Ubuntu 7.5.0-3ubuntu1~18.04) version 7.5.0 (x86_64-linux-gnu)]
  ignore line: [	compiled by GNU C version 7.5.0  GMP version 6.1.2  MPFR version 4.0.1  MPC version 1.1.0  isl version isl-0.19-GMP]
  ignore line: []
  ignore line: [GGC heuristics: --param ggc-min-expand=100 --param ggc-min-heapsize=131072]
  ignore line: [ignoring duplicate directory "/usr/include/x86_64-linux-gnu/c++/7"]
  ignore line: [ignoring nonexistent directory "/usr/local/include/x86_64-linux-gnu"]
  ignore line: [ignoring nonexistent directory "/usr/lib/gcc/x86_64-linux-gnu/7/../../../../x86_64-linux-gnu/include"]
  ignore line: [#include "..." search starts here:]
  ignore line: [#include <...> search starts here:]
  ignore line: [ /usr/include/c++/7]
  ignore line: [ /usr/include/x86_64-linux-gnu/c++/7]
  ignore line: [ /usr/include/c++/7/backward]
  ignore line: [ /usr/lib/gcc/x86_64-linux-gnu/7/include]
  ignore line: [ /usr/local/include]
  ignore line: [ /usr/lib/gcc/x86_64-linux-gnu/7/include-fixed]
  ignore line: [ /usr/include/x86_64-linux-gnu]
  ignore line: [ /usr/include]
  ignore line: [End of search list.]
  ignore line: [GNU C++14 (Ubuntu 7.5.0-3ubuntu1~18.04) version 7.5.0 (x86_64-linux-gnu)]
  ignore line: [	compiled by GNU C version 7.5.0  GMP version 6.1.2  MPFR version 4.0.1  MPC version 1.1.0  isl version isl-0.19-GMP]
  ignore line: []
  ignore line: [GGC heuristics: --param ggc-min-expand=100 --param ggc-min-heapsize=131072]
  ignore line: [Compiler executable checksum: 3eb3dc290cd5714c3e1c3ae751116f07]
  ignore line: [COLLECT_GCC_OPTIONS='-v' '-o' 'CMakeFiles/cmTC_2e180.dir/CMakeCXXCompilerABI.cpp.o' '-c' '-shared-libgcc' '-mtune=generic' '-march=x86-64']
  ignore line: [ as -v --64 -o CMakeFiles/cmTC_2e180.dir/CMakeCXXCompilerABI.cpp.o /tmp/ccvyClAw.s]
  ignore line: [GNU assembler version 2.30 (x86_64-linux-gnu) using BFD version (GNU Binutils for Ubuntu) 2.30]
  ignore line: [COMPILER_PATH=/usr/lib/gcc/x86_64-linux-gnu/7/:/usr/lib/gcc/x86_64-linux-gnu/7/:/usr/lib/gcc/x86_64-linux-gnu/:/usr/lib/gcc/x86_64-linux-gnu/7/:/usr/lib/gcc/x86_64-linux-gnu/]
  ignore line: [LIBRARY_PATH=/usr/lib/gcc/x86_64-linux-gnu/7/:/usr/lib/gcc/x86_64-linux-gnu/7/../../../x86_64-linux-gnu/:/usr/lib/gcc/x86_64-linux-gnu/7/../../../../lib/:/lib/x86_64-linux-gnu/:/lib/../lib/:/usr/lib/x86_64-linux-gnu/:/usr/lib/../lib/:/usr/lib/gcc/x86_64-linux-gnu/7/../../../:/lib/:/usr/lib/]
  ignore line: [COLLECT_GCC_OPTIONS='-v' '-o' 'CMakeFiles/cmTC_2e180.dir/CMakeCXXCompilerABI.cpp.o' '-c' '-shared-libgcc' '-mtune=generic' '-march=x86-64']
  ignore line: [Linking CXX executable cmTC_2e180]
  ignore line: [/usr/local/bin/cmake -E cmake_link_script CMakeFiles/cmTC_2e180.dir/link.txt --verbose=1]
  ignore line: [/usr/bin/c++      -v CMakeFiles/cmTC_2e180.dir/CMakeCXXCompilerABI.cpp.o  -o cmTC_2e180 ]
  ignore line: [Using built-in specs.]
  ignore line: [COLLECT_GCC=/usr/bin/c++]
  ignore line: [COLLECT_LTO_WRAPPER=/usr/lib/gcc/x86_64-linux-gnu/7/lto-wrapper]
  ignore line: [OFFLOAD_TARGET_NAMES=nvptx-none]
  ignore line: [OFFLOAD_TARGET_DEFAULT=1]
  ignore line: [Target: x86_64-linux-gnu]
  ignore line: [Configured with: ../src/configure -v --with-pkgversion='Ubuntu 7.5.0-3ubuntu1~18.04' --with-bugurl=file:///usr/share/doc/gcc-7/README.Bugs --enable-languages=c ada c++ go brig d fortran objc obj-c++ --prefix=/usr --with-gcc-major-version-only --program-suffix=-7 --program-prefix=x86_64-linux-gnu- --enable-shared --enable-linker-build-id --libexecdir=/usr/lib --without-included-gettext --enable-threads=posix --libdir=/usr/lib --enable-nls --enable-bootstrap --enable-clocale=gnu --enable-libstdcxx-debug --enable-libstdcxx-time=yes --with-default-libstdcxx-abi=new --enable-gnu-unique-object --disable-vtable-verify --enable-libmpx --enable-plugin --enable-default-pie --with-system-zlib --with-target-system-zlib --enable-objc-gc=auto --enable-multiarch --disable-werror --with-arch-32=i686 --with-abi=m64 --with-multilib-list=m32 m64 mx32 --enable-multilib --with-tune=generic --enable-offload-targets=nvptx-none --without-cuda-driver --enable-checking=release --build=x86_64-linux-gnu --host=x86_64-linux-gnu --target=x86_64-linux-gnu]
  ignore line: [Thread model: posix]
  ignore line: [gcc version 7.5.0 (Ubuntu 7.5.0-3ubuntu1~18.04) ]
  ignore line: [COMPILER_PATH=/usr/lib/gcc/x86_64-linux-gnu/7/:/usr/lib/gcc/x86_64-linux-gnu/7/:/usr/lib/gcc/x86_64-linux-gnu/:/usr/lib/gcc/x86_64-linux-gnu/7/:/usr/lib/gcc/x86_64-linux-gnu/]
  ignore line: [LIBRARY_PATH=/usr/lib/gcc/x86_64-linux-gnu/7/:/usr/lib/gcc/x86_64-linux-gnu/7/../../../x86_64-linux-gnu/:/usr/lib/gcc/x86_64-linux-gnu/7/../../../../lib/:/lib/x86_64-linux-gnu/:/lib/../lib/:/usr/lib/x86_64-linux-gnu/:/usr/lib/../lib/:/usr/lib/gcc/x86_64-linux-gnu/7/../../../:/lib/:/usr/lib/]
  ignore line: [COLLECT_GCC_OPTIONS='-v' '-o' 'cmTC_2e180' '-shared-libgcc' '-mtune=generic' '-march=x86-64']
  link line: [ /usr/lib/gcc/x86_64-linux-gnu/7/collect2 -plugin /usr/lib/gcc/x86_64-linux-gnu/7/liblto_plugin.so -plugin-opt=/usr/lib/gcc/x86_64-linux-gnu/7/lto-wrapper -plugin-opt=-fresolution=/tmp/ccGKISty.res -plugin-opt=-pass-through=-lgcc_s -plugin-opt=-pass-through=-lgcc -plugin-opt=-pass-through=-lc -plugin-opt=-pass-through=-lgcc_s -plugin-opt=-pass-through=-lgcc --build-id --eh-frame-hdr -m elf_x86_64 --hash-style=gnu --as-needed -dynamic-linker /lib64/ld-linux-x86-64.so.2 -pie -z now -z relro -o cmTC_2e180 /usr/lib/gcc/x86_64-linux-gnu/7/../../../x86_64-linux-gnu/Scrt1.o /usr/lib/gcc/x86_64-linux-gnu/7/../../../x86_64-linux-gnu/crti.o /usr/lib/gcc/x86_64-linux-gnu/7/crtbeginS.o -L/usr/lib/gcc/x86_64-linux-gnu/7 -L/usr/lib/gcc/x86_64-linux-gnu/7/../../../x86_64-linux-gnu -L/usr/lib/gcc/x86_64-linux-gnu/7/../../../../lib -L/lib/x86_64-linux-gnu -L/lib/../lib -L/usr/lib/x86_64-linux-gnu -L/usr/lib/../lib -L/usr/lib/gcc/x86_64-linux-gnu/7/../../.. CMakeFiles/cmTC_2e180.dir/CMakeCXXCompilerABI.cpp.o -lstdc++ -lm -lgcc_s -lgcc -lc -lgcc_s -lgcc /usr/lib/gcc/x86_64-linux-gnu/7/crtendS.o /usr/lib/gcc/x86_64-linux-gnu/7/../../../x86_64-linux-gnu/crtn.o]
    arg [/usr/lib/gcc/x86_64-linux-gnu/7/collect2] ==> ignore
    arg [-plugin] ==> ignore
    arg [/usr/lib/gcc/x86_64-linux-gnu/7/liblto_plugin.so] ==> ignore
    arg [-plugin-opt=/usr/lib/gcc/x86_64-linux-gnu/7/lto-wrapper] ==> ignore
    arg [-plugin-opt=-fresolution=/tmp/ccGKISty.res] ==> ignore
    arg [-plugin-opt=-pass-through=-lgcc_s] ==> ignore
    arg [-plugin-opt=-pass-through=-lgcc] ==> ignore
    arg [-plugin-opt=-pass-through=-lc] ==> ignore
    arg [-plugin-opt=-pass-through=-lgcc_s] ==> ignore
    arg [-plugin-opt=-pass-through=-lgcc] ==> ignore
    arg [--build-id] ==> ignore
    arg [--eh-frame-hdr] ==> ignore
    arg [-m] ==> ignore
    arg [elf_x86_64] ==> ignore
    arg [--hash-style=gnu] ==> ignore
    arg [--as-needed] ==> ignore
    arg [-dynamic-linker] ==> ignore
    arg [/lib64/ld-linux-x86-64.so.2] ==> ignore
    arg [-pie] ==> ignore
    arg [-znow] ==> ignore
    arg [-zrelro] ==> ignore
    arg [-o] ==> ignore
    arg [cmTC_2e180] ==> ignore
    arg [/usr/lib/gcc/x86_64-linux-gnu/7/../../../x86_64-linux-gnu/Scrt1.o] ==> ignore
    arg [/usr/lib/gcc/x86_64-linux-gnu/7/../../../x86_64-linux-gnu/crti.o] ==> ignore
    arg [/usr/lib/gcc/x86_64-linux-gnu/7/crtbeginS.o] ==> ignore
    arg [-L/usr/lib/gcc/x86_64-linux-gnu/7] ==> dir [/usr/lib/gcc/x86_64-linux-gnu/7]
    arg [-L/usr/lib/gcc/x86_64-linux-gnu/7/../../../x86_64-linux-gnu] ==> dir [/usr/lib/gcc/x86_64-linux-gnu/7/../../../x86_64-linux-gnu]
    arg [-L/usr/lib/gcc/x86_64-linux-gnu/7/../../../../lib] ==> dir [/usr/lib/gcc/x86_64-linux-gnu/7/../../../../lib]
    arg [-L/lib/x86_64-linux-gnu] ==> dir [/lib/x86_64-linux-gnu]
    arg [-L/lib/../lib] ==> dir [/lib/../lib]
    arg [-L/usr/lib/x86_64-linux-gnu] ==> dir [/usr/lib/x86_64-linux-gnu]
    arg [-L/usr/lib/../lib] ==> dir [/usr/lib/../lib]
    arg [-L/usr/lib/gcc/x86_64-linux-gnu/7/../../..] ==> dir [/usr/lib/gcc/x86_64-linux-gnu/7/../../..]
    arg [CMakeFiles/cmTC_2e180.dir/CMakeCXXCompilerABI.cpp.o] ==> ignore
    arg [-lstdc++] ==> lib [stdc++]
    arg [-lm] ==> lib [m]
    arg [-lgcc_s] ==> lib [gcc_s]
    arg [-lgcc] ==> lib [gcc]
    arg [-lc] ==> lib [c]
    arg [-lgcc_s] ==> lib [gcc_s]
    arg [-lgcc] ==> lib [gcc]
    arg [/usr/lib/gcc/x86_64-linux-gnu/7/crtendS.o] ==> ignore
    arg [/usr/lib/gcc/x86_64-linux-gnu/7/../../../x86_64-linux-gnu/crtn.o] ==> ignore
  collapse library dir [/usr/lib/gcc/x86_64-linux-gnu/7] ==> [/usr/lib/gcc/x86_64-linux-gnu/7]
  collapse library dir [/usr/lib/gcc/x86_64-linux-gnu/7/../../../x86_64-linux-gnu] ==> [/usr/lib/x86_64-linux-gnu]
  collapse library dir [/usr/lib/gcc/x86_64-linux-gnu/7/../../../../lib] ==> [/usr/lib]
  collapse library dir [/lib/x86_64-linux-gnu] ==> [/lib/x86_64-linux-gnu]
  collapse library dir [/lib/../lib] ==> [/lib]
  collapse library dir [/usr/lib/x86_64-linux-gnu] ==> [/usr/lib/x86_64-linux-gnu]
  collapse library dir [/usr/lib/../lib] ==> [/usr/lib]
  collapse library dir [/usr/lib/gcc/x86_64-linux-gnu/7/../../..] ==> [/usr/lib]
  implicit libs: [stdc++;m;gcc_s;gcc;c;gcc_s;gcc]
  implicit dirs: [/usr/lib/gcc/x86_64-linux-gnu/7;/usr/lib/x86_64-linux-gnu;/usr/lib;/lib/x86_64-linux-gnu;/lib]
  implicit fwks: []


Determining if the include file pthread.h exists passed with the following output:
Change Dir: /home/anoushka/workspace/etiss/trial3/CMakeFiles/CMakeTmp

Run Build Command(s):/usr/bin/make cmTC_b112d/fast && /usr/bin/make -f CMakeFiles/cmTC_b112d.dir/build.make CMakeFiles/cmTC_b112d.dir/build
make[1]: Entering directory '/home/anoushka/workspace/etiss/trial3/CMakeFiles/CMakeTmp'
Building C object CMakeFiles/cmTC_b112d.dir/CheckIncludeFile.c.o
/usr/bin/cc   -fPIE   -o CMakeFiles/cmTC_b112d.dir/CheckIncludeFile.c.o   -c /home/anoushka/workspace/etiss/trial3/CMakeFiles/CMakeTmp/CheckIncludeFile.c
Linking C executable cmTC_b112d
/usr/local/bin/cmake -E cmake_link_script CMakeFiles/cmTC_b112d.dir/link.txt --verbose=1
/usr/bin/cc      CMakeFiles/cmTC_b112d.dir/CheckIncludeFile.c.o  -o cmTC_b112d 
make[1]: Leaving directory '/home/anoushka/workspace/etiss/trial3/CMakeFiles/CMakeTmp'



Determining if the function pthread_create exists in the pthread passed with the following output:
Change Dir: /home/anoushka/workspace/etiss/trial3/CMakeFiles/CMakeTmp

Run Build Command(s):/usr/bin/make cmTC_9314e/fast && /usr/bin/make -f CMakeFiles/cmTC_9314e.dir/build.make CMakeFiles/cmTC_9314e.dir/build
make[1]: Entering directory '/home/anoushka/workspace/etiss/trial3/CMakeFiles/CMakeTmp'
Building C object CMakeFiles/cmTC_9314e.dir/CheckFunctionExists.c.o
/usr/bin/cc   -DCHECK_FUNCTION_EXISTS=pthread_create -fPIE   -o CMakeFiles/cmTC_9314e.dir/CheckFunctionExists.c.o   -c /usr/local/share/cmake-3.16/Modules/CheckFunctionExists.c
Linking C executable cmTC_9314e
/usr/local/bin/cmake -E cmake_link_script CMakeFiles/cmTC_9314e.dir/link.txt --verbose=1
/usr/bin/cc  -DCHECK_FUNCTION_EXISTS=pthread_create    CMakeFiles/cmTC_9314e.dir/CheckFunctionExists.c.o  -o cmTC_9314e  -lpthread 
make[1]: Leaving directory '/home/anoushka/workspace/etiss/trial3/CMakeFiles/CMakeTmp'



Determining if files dlfcn.h exist passed with the following output:
Change Dir: /home/anoushka/workspace/etiss/trial3/CMakeFiles/CMakeTmp

Run Build Command(s):/usr/bin/make cmTC_e85a5/fast && /usr/bin/make -f CMakeFiles/cmTC_e85a5.dir/build.make CMakeFiles/cmTC_e85a5.dir/build
make[1]: Entering directory '/home/anoushka/workspace/etiss/trial3/CMakeFiles/CMakeTmp'
Building C object CMakeFiles/cmTC_e85a5.dir/ETISS_USE_DLSYM_CHECK.c.o
/usr/bin/cc   -fPIE   -o CMakeFiles/cmTC_e85a5.dir/ETISS_USE_DLSYM_CHECK.c.o   -c /home/anoushka/workspace/etiss/trial3/CMakeFiles/CheckIncludeFiles/ETISS_USE_DLSYM_CHECK.c
Linking C executable cmTC_e85a5
/usr/local/bin/cmake -E cmake_link_script CMakeFiles/cmTC_e85a5.dir/link.txt --verbose=1
/usr/bin/cc      CMakeFiles/cmTC_e85a5.dir/ETISS_USE_DLSYM_CHECK.c.o  -o cmTC_e85a5 
make[1]: Leaving directory '/home/anoushka/workspace/etiss/trial3/CMakeFiles/CMakeTmp'



Performing C++ SOURCE FILE Test ETISS_CAN_USE_DLSYM_DEEPBIND succeeded with the following output:
Change Dir: /home/anoushka/workspace/etiss/trial3/CMakeFiles/CMakeTmp

Run Build Command(s):/usr/bin/make cmTC_942cd/fast && /usr/bin/make -f CMakeFiles/cmTC_942cd.dir/build.make CMakeFiles/cmTC_942cd.dir/build
make[1]: Entering directory '/home/anoushka/workspace/etiss/trial3/CMakeFiles/CMakeTmp'
Building CXX object CMakeFiles/cmTC_942cd.dir/src.cxx.o
/usr/bin/c++    -fdiagnostics-color=always -Wall -Wpedantic -DETISS_CAN_USE_DLSYM_DEEPBIND -fPIE   -std=gnu++11 -o CMakeFiles/cmTC_942cd.dir/src.cxx.o -c /home/anoushka/workspace/etiss/trial3/CMakeFiles/CMakeTmp/src.cxx
Linking CXX executable cmTC_942cd
/usr/local/bin/cmake -E cmake_link_script CMakeFiles/cmTC_942cd.dir/link.txt --verbose=1
/usr/bin/c++   -fdiagnostics-color=always -Wall -Wpedantic -DETISS_CAN_USE_DLSYM_DEEPBIND    CMakeFiles/cmTC_942cd.dir/src.cxx.o  -o cmTC_942cd 
make[1]: Leaving directory '/home/anoushka/workspace/etiss/trial3/CMakeFiles/CMakeTmp'


Source file was:
#include <dlfcn.h>
int main(int,char**){ return (int) RTLD_DEEPBIND;}
Performing C++ SOURCE FILE Test ETISS_CAN_USE_DLADDR succeeded with the following output:
Change Dir: /home/anoushka/workspace/etiss/trial3/CMakeFiles/CMakeTmp

Run Build Command(s):/usr/bin/make cmTC_5d97f/fast && /usr/bin/make -f CMakeFiles/cmTC_5d97f.dir/build.make CMakeFiles/cmTC_5d97f.dir/build
make[1]: Entering directory '/home/anoushka/workspace/etiss/trial3/CMakeFiles/CMakeTmp'
Building CXX object CMakeFiles/cmTC_5d97f.dir/src.cxx.o
/usr/bin/c++    -fdiagnostics-color=always -Wall -Wpedantic -DETISS_CAN_USE_DLADDR -fPIE   -std=gnu++11 -o CMakeFiles/cmTC_5d97f.dir/src.cxx.o -c /home/anoushka/workspace/etiss/trial3/CMakeFiles/CMakeTmp/src.cxx
[01m[K/home/anoushka/workspace/etiss/trial3/CMakeFiles/CMakeTmp/src.cxx:[m[K In function ‘[01m[Kint main(int, char**)[m[K’:
[01m[K/home/anoushka/workspace/etiss/trial3/CMakeFiles/CMakeTmp/src.cxx:2:56:[m[K [01;35m[Kwarning: [m[KISO C++ forbids taking address of function ‘[01m[K::main[m[K’ [[01;35m[K-Wpedantic[m[K]
 int main(int,char**){ Dl_info i; return !dladdr((void*)[01;35m[Kmain[m[K,&i);}
                                                        [01;35m[K^~~~[m[K
Linking CXX executable cmTC_5d97f
/usr/local/bin/cmake -E cmake_link_script CMakeFiles/cmTC_5d97f.dir/link.txt --verbose=1
/usr/bin/c++   -fdiagnostics-color=always -Wall -Wpedantic -DETISS_CAN_USE_DLADDR    CMakeFiles/cmTC_5d97f.dir/src.cxx.o  -o cmTC_5d97f  -ldl 
make[1]: Leaving directory '/home/anoushka/workspace/etiss/trial3/CMakeFiles/CMakeTmp'


Source file was:
#include <dlfcn.h>
int main(int,char**){ Dl_info i; return !dladdr((void*)main,&i);}
Determining if files byteswap.h exist passed with the following output:
Change Dir: /home/anoushka/workspace/etiss/trial3/CMakeFiles/CMakeTmp

Run Build Command(s):/usr/bin/make cmTC_fbc2a/fast && /usr/bin/make -f CMakeFiles/cmTC_fbc2a.dir/build.make CMakeFiles/cmTC_fbc2a.dir/build
make[1]: Entering directory '/home/anoushka/workspace/etiss/trial3/CMakeFiles/CMakeTmp'
Building C object CMakeFiles/cmTC_fbc2a.dir/ETISS_CAN_USE_BYTESWAP_H.c.o
/usr/bin/cc   -fPIE   -o CMakeFiles/cmTC_fbc2a.dir/ETISS_CAN_USE_BYTESWAP_H.c.o   -c /home/anoushka/workspace/etiss/trial3/CMakeFiles/CheckIncludeFiles/ETISS_CAN_USE_BYTESWAP_H.c
Linking C executable cmTC_fbc2a
/usr/local/bin/cmake -E cmake_link_script CMakeFiles/cmTC_fbc2a.dir/link.txt --verbose=1
/usr/bin/cc      CMakeFiles/cmTC_fbc2a.dir/ETISS_CAN_USE_BYTESWAP_H.c.o  -o cmTC_fbc2a  -ldl 
make[1]: Leaving directory '/home/anoushka/workspace/etiss/trial3/CMakeFiles/CMakeTmp'



Determining if files string.h;errno.h;sys/types.h;sys/socket.h;netinet/in.h;netinet/tcp.h;unistd.h exist passed with the following output:
Change Dir: /home/anoushka/workspace/etiss/trial3/CMakeFiles/CMakeTmp

Run Build Command(s):/usr/bin/make cmTC_1c3ca/fast && /usr/bin/make -f CMakeFiles/cmTC_1c3ca.dir/build.make CMakeFiles/cmTC_1c3ca.dir/build
make[1]: Entering directory '/home/anoushka/workspace/etiss/trial3/CMakeFiles/CMakeTmp'
Building C object CMakeFiles/cmTC_1c3ca.dir/ETISS_CAN_USE_POSIX_SOCKET.c.o
/usr/bin/cc   -fPIE   -o CMakeFiles/cmTC_1c3ca.dir/ETISS_CAN_USE_POSIX_SOCKET.c.o   -c /home/anoushka/workspace/etiss/trial3/CMakeFiles/CheckIncludeFiles/ETISS_CAN_USE_POSIX_SOCKET.c
Linking C executable cmTC_1c3ca
/usr/local/bin/cmake -E cmake_link_script CMakeFiles/cmTC_1c3ca.dir/link.txt --verbose=1
/usr/bin/cc      CMakeFiles/cmTC_1c3ca.dir/ETISS_CAN_USE_POSIX_SOCKET.c.o  -o cmTC_1c3ca  -ldl 
make[1]: Leaving directory '/home/anoushka/workspace/etiss/trial3/CMakeFiles/CMakeTmp'



Performing C++ SOURCE FILE Test ETISS_USE_CONSTEXPR succeeded with the following output:
Change Dir: /home/anoushka/workspace/etiss/trial3/CMakeFiles/CMakeTmp

Run Build Command(s):/usr/bin/make cmTC_3b2d3/fast && /usr/bin/make -f CMakeFiles/cmTC_3b2d3.dir/build.make CMakeFiles/cmTC_3b2d3.dir/build
make[1]: Entering directory '/home/anoushka/workspace/etiss/trial3/CMakeFiles/CMakeTmp'
Building CXX object CMakeFiles/cmTC_3b2d3.dir/src.cxx.o
/usr/bin/c++    -fdiagnostics-color=always -Wall -Wpedantic -DETISS_USE_CONSTEXPR -fPIE   -std=gnu++11 -o CMakeFiles/cmTC_3b2d3.dir/src.cxx.o -c /home/anoushka/workspace/etiss/trial3/CMakeFiles/CMakeTmp/src.cxx
[01m[K/home/anoushka/workspace/etiss/trial3/CMakeFiles/CMakeTmp/src.cxx:1:46:[m[K [01;35m[Kwarning: [m[KISO C++ forbids declaration of ‘[01m[Kmain[m[K’ with no type [[01;35m[K-Wpedantic[m[K]
 constexpr int x() {return 1;} main(int,char**[01;35m[K)[m[K{ return x();}
                                              [01;35m[K^[m[K
Linking CXX executable cmTC_3b2d3
/usr/local/bin/cmake -E cmake_link_script CMakeFiles/cmTC_3b2d3.dir/link.txt --verbose=1
/usr/bin/c++   -fdiagnostics-color=always -Wall -Wpedantic -DETISS_USE_CONSTEXPR    CMakeFiles/cmTC_3b2d3.dir/src.cxx.o  -o cmTC_3b2d3  -ldl 
make[1]: Leaving directory '/home/anoushka/workspace/etiss/trial3/CMakeFiles/CMakeTmp'


Source file was:
constexpr int x() {return 1;} main(int,char**){ return x();}
Determining if the include file sys/types.h exists passed with the following output:
Change Dir: /home/anoushka/workspace/etiss/trial3/CMakeFiles/CMakeTmp

Run Build Command(s):/usr/bin/make cmTC_6ec95/fast && /usr/bin/make -f CMakeFiles/cmTC_6ec95.dir/build.make CMakeFiles/cmTC_6ec95.dir/build
make[1]: Entering directory '/home/anoushka/workspace/etiss/trial3/CMakeFiles/CMakeTmp'
Building C object CMakeFiles/cmTC_6ec95.dir/CheckIncludeFile.c.o
/usr/bin/cc   -fPIE   -o CMakeFiles/cmTC_6ec95.dir/CheckIncludeFile.c.o   -c /home/anoushka/workspace/etiss/trial3/CMakeFiles/CMakeTmp/CheckIncludeFile.c
Linking C executable cmTC_6ec95
/usr/local/bin/cmake -E cmake_link_script CMakeFiles/cmTC_6ec95.dir/link.txt --verbose=1
/usr/bin/cc      CMakeFiles/cmTC_6ec95.dir/CheckIncludeFile.c.o  -o cmTC_6ec95  -ldl 
make[1]: Leaving directory '/home/anoushka/workspace/etiss/trial3/CMakeFiles/CMakeTmp'



Determining if the include file stdint.h exists passed with the following output:
Change Dir: /home/anoushka/workspace/etiss/trial3/CMakeFiles/CMakeTmp

Run Build Command(s):/usr/bin/make cmTC_80384/fast && /usr/bin/make -f CMakeFiles/cmTC_80384.dir/build.make CMakeFiles/cmTC_80384.dir/build
make[1]: Entering directory '/home/anoushka/workspace/etiss/trial3/CMakeFiles/CMakeTmp'
Building C object CMakeFiles/cmTC_80384.dir/CheckIncludeFile.c.o
/usr/bin/cc   -fPIE   -o CMakeFiles/cmTC_80384.dir/CheckIncludeFile.c.o   -c /home/anoushka/workspace/etiss/trial3/CMakeFiles/CMakeTmp/CheckIncludeFile.c
Linking C executable cmTC_80384
/usr/local/bin/cmake -E cmake_link_script CMakeFiles/cmTC_80384.dir/link.txt --verbose=1
/usr/bin/cc      CMakeFiles/cmTC_80384.dir/CheckIncludeFile.c.o  -o cmTC_80384  -ldl 
make[1]: Leaving directory '/home/anoushka/workspace/etiss/trial3/CMakeFiles/CMakeTmp'



Determining if the include file stddef.h exists passed with the following output:
Change Dir: /home/anoushka/workspace/etiss/trial3/CMakeFiles/CMakeTmp

Run Build Command(s):/usr/bin/make cmTC_37021/fast && /usr/bin/make -f CMakeFiles/cmTC_37021.dir/build.make CMakeFiles/cmTC_37021.dir/build
make[1]: Entering directory '/home/anoushka/workspace/etiss/trial3/CMakeFiles/CMakeTmp'
Building C object CMakeFiles/cmTC_37021.dir/CheckIncludeFile.c.o
/usr/bin/cc   -fPIE   -o CMakeFiles/cmTC_37021.dir/CheckIncludeFile.c.o   -c /home/anoushka/workspace/etiss/trial3/CMakeFiles/CMakeTmp/CheckIncludeFile.c
Linking C executable cmTC_37021
/usr/local/bin/cmake -E cmake_link_script CMakeFiles/cmTC_37021.dir/link.txt --verbose=1
/usr/bin/cc      CMakeFiles/cmTC_37021.dir/CheckIncludeFile.c.o  -o cmTC_37021  -ldl 
make[1]: Leaving directory '/home/anoushka/workspace/etiss/trial3/CMakeFiles/CMakeTmp'



Determining size of unsigned short passed with the following output:
Change Dir: /home/anoushka/workspace/etiss/trial3/CMakeFiles/CMakeTmp

Run Build Command(s):/usr/bin/make cmTC_948fb/fast && /usr/bin/make -f CMakeFiles/cmTC_948fb.dir/build.make CMakeFiles/cmTC_948fb.dir/build
make[1]: Entering directory '/home/anoushka/workspace/etiss/trial3/CMakeFiles/CMakeTmp'
Building C object CMakeFiles/cmTC_948fb.dir/CMAKE_SIZEOF_UNSIGNED_SHORT.c.o
/usr/bin/cc   -fPIE   -o CMakeFiles/cmTC_948fb.dir/CMAKE_SIZEOF_UNSIGNED_SHORT.c.o   -c /home/anoushka/workspace/etiss/trial3/CMakeFiles/CheckTypeSize/CMAKE_SIZEOF_UNSIGNED_SHORT.c
Linking C executable cmTC_948fb
/usr/local/bin/cmake -E cmake_link_script CMakeFiles/cmTC_948fb.dir/link.txt --verbose=1
/usr/bin/cc      CMakeFiles/cmTC_948fb.dir/CMAKE_SIZEOF_UNSIGNED_SHORT.c.o  -o cmTC_948fb  -ldl 
make[1]: Leaving directory '/home/anoushka/workspace/etiss/trial3/CMakeFiles/CMakeTmp'



Determining if the system is big endian passed with the following output:
Change Dir: /home/anoushka/workspace/etiss/trial3/CMakeFiles/CMakeTmp

Run Build Command(s):/usr/bin/make cmTC_7a96b/fast && /usr/bin/make -f CMakeFiles/cmTC_7a96b.dir/build.make CMakeFiles/cmTC_7a96b.dir/build
make[1]: Entering directory '/home/anoushka/workspace/etiss/trial3/CMakeFiles/CMakeTmp'
Building C object CMakeFiles/cmTC_7a96b.dir/TestEndianess.c.o
/usr/bin/cc   -fPIE   -o CMakeFiles/cmTC_7a96b.dir/TestEndianess.c.o   -c /home/anoushka/workspace/etiss/trial3/CMakeFiles/CMakeTmp/TestEndianess.c
Linking C executable cmTC_7a96b
/usr/local/bin/cmake -E cmake_link_script CMakeFiles/cmTC_7a96b.dir/link.txt --verbose=1
/usr/bin/cc      CMakeFiles/cmTC_7a96b.dir/TestEndianess.c.o  -o cmTC_7a96b 
make[1]: Leaving directory '/home/anoushka/workspace/etiss/trial3/CMakeFiles/CMakeTmp'


TestEndianess.c:
/* A 16 bit integer is required. */
typedef unsigned short cmakeint16;

/* On a little endian machine, these 16bit ints will give "THIS IS LITTLE ENDIAN."
   On a big endian machine the characters will be exchanged pairwise. */
const cmakeint16 info_little[] =  {0x4854, 0x5349, 0x4920, 0x2053, 0x494c, 0x5454, 0x454c, 0x4520, 0x444e, 0x4149, 0x2e4e, 0x0000};

/* on a big endian machine, these 16bit ints will give "THIS IS BIG ENDIAN."
   On a little endian machine the characters will be exchanged pairwise. */
const cmakeint16 info_big[] =     {0x5448, 0x4953, 0x2049, 0x5320, 0x4249, 0x4720, 0x454e, 0x4449, 0x414e, 0x2e2e, 0x0000};

#ifdef __CLASSIC_C__
int main(argc, argv) int argc; char *argv[];
#else
int main(int argc, char *argv[])
#endif
{
  int require = 0;
  require += info_little[argc];
  require += info_big[argc];
  (void)argv;
  return require;
}


Performing C++ SOURCE FILE Test COMPILER_HAS_HIDDEN_VISIBILITY succeeded with the following output:
Change Dir: /home/anoushka/workspace/etiss/trial3/CMakeFiles/CMakeTmp

Run Build Command(s):/usr/bin/make cmTC_f231f/fast && /usr/bin/make -f CMakeFiles/cmTC_f231f.dir/build.make CMakeFiles/cmTC_f231f.dir/build
make[1]: Entering directory '/home/anoushka/workspace/etiss/trial3/CMakeFiles/CMakeTmp'
Building CXX object CMakeFiles/cmTC_f231f.dir/src.cxx.o
/usr/bin/c++    -fdiagnostics-color=always -Wall -Wpedantic -DCOMPILER_HAS_HIDDEN_VISIBILITY -fPIE   -fvisibility=hidden -std=gnu++11 -o CMakeFiles/cmTC_f231f.dir/src.cxx.o -c /home/anoushka/workspace/etiss/trial3/CMakeFiles/CMakeTmp/src.cxx
Linking CXX executable cmTC_f231f
/usr/local/bin/cmake -E cmake_link_script CMakeFiles/cmTC_f231f.dir/link.txt --verbose=1
/usr/bin/c++   -fdiagnostics-color=always -Wall -Wpedantic -DCOMPILER_HAS_HIDDEN_VISIBILITY    CMakeFiles/cmTC_f231f.dir/src.cxx.o  -o cmTC_f231f  -ldl 
make[1]: Leaving directory '/home/anoushka/workspace/etiss/trial3/CMakeFiles/CMakeTmp'


Source file was:
int main() { return 0; }
Performing C++ SOURCE FILE Test COMPILER_HAS_HIDDEN_INLINE_VISIBILITY succeeded with the following output:
Change Dir: /home/anoushka/workspace/etiss/trial3/CMakeFiles/CMakeTmp

Run Build Command(s):/usr/bin/make cmTC_4814a/fast && /usr/bin/make -f CMakeFiles/cmTC_4814a.dir/build.make CMakeFiles/cmTC_4814a.dir/build
make[1]: Entering directory '/home/anoushka/workspace/etiss/trial3/CMakeFiles/CMakeTmp'
Building CXX object CMakeFiles/cmTC_4814a.dir/src.cxx.o
/usr/bin/c++    -fdiagnostics-color=always -Wall -Wpedantic -DCOMPILER_HAS_HIDDEN_INLINE_VISIBILITY -fPIE   -fvisibility-inlines-hidden -std=gnu++11 -o CMakeFiles/cmTC_4814a.dir/src.cxx.o -c /home/anoushka/workspace/etiss/trial3/CMakeFiles/CMakeTmp/src.cxx
Linking CXX executable cmTC_4814a
/usr/local/bin/cmake -E cmake_link_script CMakeFiles/cmTC_4814a.dir/link.txt --verbose=1
/usr/bin/c++   -fdiagnostics-color=always -Wall -Wpedantic -DCOMPILER_HAS_HIDDEN_INLINE_VISIBILITY    CMakeFiles/cmTC_4814a.dir/src.cxx.o  -o cmTC_4814a  -ldl 
make[1]: Leaving directory '/home/anoushka/workspace/etiss/trial3/CMakeFiles/CMakeTmp'


Source file was:
int main() { return 0; }
Performing C++ SOURCE FILE Test COMPILER_HAS_DEPRECATED_ATTR succeeded with the following output:
Change Dir: /home/anoushka/workspace/etiss/trial3/CMakeFiles/CMakeTmp

Run Build Command(s):/usr/bin/make cmTC_3d6a0/fast && /usr/bin/make -f CMakeFiles/cmTC_3d6a0.dir/build.make CMakeFiles/cmTC_3d6a0.dir/build
make[1]: Entering directory '/home/anoushka/workspace/etiss/trial3/CMakeFiles/CMakeTmp'
Building CXX object CMakeFiles/cmTC_3d6a0.dir/src.cxx.o
/usr/bin/c++    -fdiagnostics-color=always -Wall -Wpedantic -DCOMPILER_HAS_DEPRECATED_ATTR -fPIE   -std=gnu++11 -o CMakeFiles/cmTC_3d6a0.dir/src.cxx.o -c /home/anoushka/workspace/etiss/trial3/CMakeFiles/CMakeTmp/src.cxx
[01m[K/home/anoushka/workspace/etiss/trial3/CMakeFiles/CMakeTmp/src.cxx:[m[K In function ‘[01m[Kint main()[m[K’:
[01m[K/home/anoushka/workspace/etiss/trial3/CMakeFiles/CMakeTmp/src.cxx:2:34:[m[K [01;35m[Kwarning: [m[K‘[01m[Kint somefunc()[m[K’ is deprecated [[01;35m[K-Wdeprecated-declarations[m[K]
     int main() { return somefunc([01;35m[K)[m[K;}
                                  [01;35m[K^[m[K
[01m[K/home/anoushka/workspace/etiss/trial3/CMakeFiles/CMakeTmp/src.cxx:1:37:[m[K [01;36m[Knote: [m[Kdeclared here
 __attribute__((__deprecated__)) int [01;36m[Ksomefunc[m[K() { return 0; }
                                     [01;36m[K^~~~~~~~[m[K
Linking CXX executable cmTC_3d6a0
/usr/local/bin/cmake -E cmake_link_script CMakeFiles/cmTC_3d6a0.dir/link.txt --verbose=1
/usr/bin/c++   -fdiagnostics-color=always -Wall -Wpedantic -DCOMPILER_HAS_DEPRECATED_ATTR    CMakeFiles/cmTC_3d6a0.dir/src.cxx.o  -o cmTC_3d6a0  -ldl 
make[1]: Leaving directory '/home/anoushka/workspace/etiss/trial3/CMakeFiles/CMakeTmp'


Source file was:
__attribute__((__deprecated__)) int somefunc() { return 0; }
    int main() { return somefunc();}
